.\Debug\Five.ilk
.\Debug\Five.pdb
E:\VCstudy\five\Five\.\Debug\Five.exe
E:\VCstudy\five\Five\.\Debug\Five.exe.intermediate.manifest
E:\VCSTUDY\FIVE\FIVE\DEBUG\ABOUTDLG.OBJ
E:\VCstudy\five\Five\Debug\cl.command.1.tlog
E:\VCstudy\five\Five\Debug\CL.read.1.tlog
E:\VCstudy\five\Five\Debug\CL.write.1.tlog
E:\VCSTUDY\FIVE\FIVE\DEBUG\CLIENTDLG.OBJ
E:\VCSTUDY\FIVE\FIVE\DEBUG\FIVE.EXE
E:\VCSTUDY\FIVE\FIVE\DEBUG\FIVE.EXE.EMBED.MANIFEST
E:\VCSTUDY\FIVE\FIVE\DEBUG\FIVE.EXE.EMBED.MANIFEST.RES
E:\VCSTUDY\FIVE\FIVE\DEBUG\FIVE.EXE.INTERMEDIATE.MANIFEST
E:\VCSTUDY\FIVE\FIVE\DEBUG\FIVE.ILK
E:\VCSTUDY\FIVE\FIVE\DEBUG\FIVE.OBJ
E:\VCSTUDY\FIVE\FIVE\DEBUG\FIVE.PCH
E:\VCSTUDY\FIVE\FIVE\DEBUG\FIVE.PDB
E:\VCSTUDY\FIVE\FIVE\DEBUG\FIVE.RES
E:\VCstudy\five\Five\Debug\Five.write.1.tlog
E:\VCstudy\five\Five\Debug\Five_manifest.rc
E:\VCSTUDY\FIVE\FIVE\DEBUG\FIVEDLG.OBJ
E:\VCSTUDY\FIVE\FIVE\DEBUG\FIVESOCKET.OBJ
E:\VCSTUDY\FIVE\FIVE\DEBUG\GAME.OBJ
E:\VCstudy\five\Five\Debug\link.command.1.tlog
E:\VCstudy\five\Five\Debug\link.read.1.tlog
E:\VCstudy\five\Five\Debug\link.write.1.tlog
E:\VCstudy\five\Five\Debug\link-cvtres.read.1.tlog
E:\VCstudy\five\Five\Debug\link-cvtres.write.1.tlog
E:\VCstudy\five\Five\Debug\mt.command.1.tlog
E:\VCstudy\five\Five\Debug\mt.read.1.tlog
E:\VCstudy\five\Five\Debug\mt.write.1.tlog
E:\VCSTUDY\FIVE\FIVE\DEBUG\NAMEDLG.OBJ
E:\VCstudy\five\Five\Debug\rc.command.1.tlog
E:\VCstudy\five\Five\Debug\rc.read.1.tlog
E:\VCstudy\five\Five\Debug\rc.write.1.tlog
E:\VCSTUDY\FIVE\FIVE\DEBUG\SERVERDLG.OBJ
E:\VCSTUDY\FIVE\FIVE\DEBUG\STATDLG.OBJ
E:\VCSTUDY\FIVE\FIVE\DEBUG\STDAFX.OBJ
E:\VCSTUDY\FIVE\FIVE\DEBUG\TABLE.OBJ
E:\VCSTUDY\FIVE\FIVE\DEBUG\VC100.PDB
