.\Release\Five.bsc
E:\VCstudy\five\Five\.\Release\Five.exe
E:\VCstudy\five\Five\.\Release\Five.exe.intermediate.manifest
E:\VCSTUDY\FIVE\FIVE\RELEASE\ABOUTDLG.OBJ
E:\VCSTUDY\FIVE\FIVE\RELEASE\ABOUTDLG.SBR
E:\VCstudy\five\Five\Release\BscMake.command.1.tlog
E:\VCstudy\five\Five\Release\bscmake.read.1.tlog
E:\VCstudy\five\Five\Release\bscmake.write.1.tlog
E:\VCstudy\five\Five\Release\cl.command.1.tlog
E:\VCstudy\five\Five\Release\CL.read.1.tlog
E:\VCstudy\five\Five\Release\CL.write.1.tlog
E:\VCSTUDY\FIVE\FIVE\RELEASE\CLIENTDLG.OBJ
E:\VCSTUDY\FIVE\FIVE\RELEASE\CLIENTDLG.SBR
E:\VCSTUDY\FIVE\FIVE\RELEASE\FIVE.BSC
E:\VCSTUDY\FIVE\FIVE\RELEASE\FIVE.EXE
E:\VCSTUDY\FIVE\FIVE\RELEASE\FIVE.EXE.INTERMEDIATE.MANIFEST
E:\VCSTUDY\FIVE\FIVE\RELEASE\FIVE.OBJ
E:\VCSTUDY\FIVE\FIVE\RELEASE\FIVE.PCH
E:\VCSTUDY\FIVE\FIVE\RELEASE\FIVE.RES
E:\VCSTUDY\FIVE\FIVE\RELEASE\FIVE.SBR
E:\VCstudy\five\Five\Release\Five.write.1.tlog
E:\VCSTUDY\FIVE\FIVE\RELEASE\FIVEDLG.OBJ
E:\VCSTUDY\FIVE\FIVE\RELEASE\FIVEDLG.SBR
E:\VCSTUDY\FIVE\FIVE\RELEASE\FIVESOCKET.OBJ
E:\VCSTUDY\FIVE\FIVE\RELEASE\FIVESOCKET.SBR
E:\VCSTUDY\FIVE\FIVE\RELEASE\GAME.OBJ
E:\VCSTUDY\FIVE\FIVE\RELEASE\GAME.SBR
E:\VCstudy\five\Five\Release\link.command.1.tlog
E:\VCstudy\five\Five\Release\link.read.1.tlog
E:\VCstudy\five\Five\Release\link.write.1.tlog
E:\VCstudy\five\Five\Release\link-cvtres.read.1.tlog
E:\VCstudy\five\Five\Release\link-cvtres.write.1.tlog
E:\VCstudy\five\Five\Release\mt.command.1.tlog
E:\VCstudy\five\Five\Release\mt.read.1.tlog
E:\VCstudy\five\Five\Release\mt.write.1.tlog
E:\VCSTUDY\FIVE\FIVE\RELEASE\NAMEDLG.OBJ
E:\VCSTUDY\FIVE\FIVE\RELEASE\NAMEDLG.SBR
E:\VCstudy\five\Five\Release\rc.command.1.tlog
E:\VCstudy\five\Five\Release\rc.read.1.tlog
E:\VCstudy\five\Five\Release\rc.write.1.tlog
E:\VCSTUDY\FIVE\FIVE\RELEASE\SERVERDLG.OBJ
E:\VCSTUDY\FIVE\FIVE\RELEASE\SERVERDLG.SBR
E:\VCSTUDY\FIVE\FIVE\RELEASE\STATDLG.OBJ
E:\VCSTUDY\FIVE\FIVE\RELEASE\STATDLG.SBR
E:\VCSTUDY\FIVE\FIVE\RELEASE\STDAFX.OBJ
E:\VCSTUDY\FIVE\FIVE\RELEASE\STDAFX.SBR
E:\VCSTUDY\FIVE\FIVE\RELEASE\TABLE.OBJ
E:\VCSTUDY\FIVE\FIVE\RELEASE\TABLE.SBR
E:\VCSTUDY\FIVE\FIVE\RELEASE\VC100.PDB
